TN:
SF:src/app.ts
FN:23,(anonymous_12)
FN:35,App
FN:49,(anonymous_14)
FN:53,(anonymous_15)
FN:67,(anonymous_18)
FN:81,(anonymous_19)
FN:95,(anonymous_20)
FN:96,(anonymous_21)
FN:96,(anonymous_22)
FN:103,(anonymous_23)
FN:118,(anonymous_24)
FN:135,(anonymous_25)
FN:143,(anonymous_26)
FN:147,(anonymous_27)
FN:153,(anonymous_28)
FN:163,(anonymous_29)
FN:170,(anonymous_30)
FNF:17
FNH:9
FNDA:1,(anonymous_12)
FNDA:1,App
FNDA:0,(anonymous_14)
FNDA:1,(anonymous_15)
FNDA:1,(anonymous_18)
FNDA:1,(anonymous_19)
FNDA:39,(anonymous_20)
FNDA:7,(anonymous_21)
FNDA:90,(anonymous_22)
FNDA:90,(anonymous_23)
FNDA:0,(anonymous_24)
FNDA:0,(anonymous_25)
FNDA:0,(anonymous_26)
FNDA:0,(anonymous_27)
FNDA:0,(anonymous_28)
FNDA:0,(anonymous_29)
FNDA:0,(anonymous_30)
DA:1,1
DA:2,1
DA:4,1
DA:7,1
DA:8,1
DA:11,1
DA:12,1
DA:15,1
DA:16,1
DA:17,1
DA:19,1
DA:21,1
DA:23,1
DA:30,1
DA:31,1
DA:36,1
DA:37,1
DA:39,1
DA:40,0
DA:43,1
DA:44,1
DA:46,1
DA:48,1
DA:49,1
DA:53,1
DA:55,1
DA:56,1
DA:57,1
DA:58,0
DA:60,1
DA:61,2
DA:62,1
DA:64,1
DA:67,2
DA:68,1
DA:69,1
DA:70,1
DA:71,0
DA:74,0
DA:76,1
DA:81,1
DA:82,1
DA:83,1
DA:95,1
DA:96,39
DA:97,90
DA:98,90
DA:102,90
DA:105,90
DA:107,0
DA:109,90
DA:110,0
DA:115,90
DA:118,0
DA:121,0
DA:122,0
DA:135,1
DA:136,0
DA:138,0
DA:139,0
DA:141,0
DA:143,0
DA:144,0
DA:147,0
DA:148,0
DA:151,0
DA:153,0
DA:154,0
DA:155,0
DA:156,0
DA:157,0
DA:163,0
DA:164,0
DA:165,0
DA:166,0
DA:167,0
DA:170,0
DA:173,0
DA:174,0
DA:175,0
DA:187,1
DA:189,1
LF:82
LH:50
BRDA:39,0,0,0
BRDA:39,0,1,1
BRDA:39,1,0,1
BRDA:39,1,1,1
BRDA:49,2,0,1
BRDA:49,2,1,0
BRDA:57,3,0,0
BRDA:57,3,1,1
BRDA:70,4,0,0
BRDA:70,4,1,1
BRDA:96,5,0,36
BRDA:96,5,1,3
BRDA:98,6,0,90
BRDA:98,6,1,0
BRDA:105,7,0,0
BRDA:105,7,1,90
BRDA:107,8,0,0
BRDA:107,8,1,0
BRDA:107,9,0,0
BRDA:107,9,1,0
BRDA:109,10,0,0
BRDA:109,10,1,90
BRDA:110,11,0,0
BRDA:110,11,1,0
BRDA:110,12,0,0
BRDA:110,12,1,0
BRDA:121,13,0,0
BRDA:121,13,1,0
BRDA:121,14,0,0
BRDA:121,14,1,0
BRDA:155,15,0,0
BRDA:155,15,1,0
BRF:32
BRH:11
end_of_record
TN:
SF:src/databaseConfig.ts
FN:3,(anonymous_14)
FN:3,(anonymous_15)
FNF:2
FNH:2
FNDA:1,(anonymous_14)
FNDA:1,(anonymous_15)
DA:1,2
DA:3,1
DA:4,1
DA:5,1
DA:6,1
DA:7,1
DA:8,1
DA:9,1
DA:10,1
DA:11,1
DA:12,1
DA:13,1
LF:12
LH:12
BRF:0
BRH:0
end_of_record
TN:
SF:src/databaseInit.ts
FN:35,(anonymous_12)
FN:39,initData
FN:74,(anonymous_16)
FN:74,(anonymous_17)
FN:109,(anonymous_19)
FN:147,(anonymous_20)
FN:147,(anonymous_21)
FN:159,(anonymous_23)
FN:159,(anonymous_24)
FN:168,(anonymous_26)
FN:168,(anonymous_27)
FN:177,(anonymous_29)
FN:177,(anonymous_30)
FN:191,(anonymous_32)
FN:191,(anonymous_33)
FNF:15
FNH:14
FNDA:0,(anonymous_12)
FNDA:1,initData
FNDA:9,(anonymous_16)
FNDA:9,(anonymous_17)
FNDA:11,(anonymous_19)
FNDA:2,(anonymous_20)
FNDA:2,(anonymous_21)
FNDA:20,(anonymous_23)
FNDA:20,(anonymous_24)
FNDA:2,(anonymous_26)
FNDA:2,(anonymous_27)
FNDA:2,(anonymous_29)
FNDA:2,(anonymous_30)
FNDA:1,(anonymous_32)
FNDA:1,(anonymous_33)
DA:4,1
DA:5,1
DA:7,1
DA:8,1
DA:11,1
DA:14,1
DA:15,1
DA:17,1
DA:18,1
DA:19,1
DA:20,1
DA:21,1
DA:22,1
DA:23,1
DA:24,1
DA:25,1
DA:26,1
DA:27,1
DA:30,1
DA:32,1
DA:35,1
DA:36,0
DA:39,1
DA:42,1
DA:43,1
DA:44,1
DA:45,1
DA:46,1
DA:47,1
DA:49,1
DA:50,1
DA:51,1
DA:53,13
DA:54,12
DA:56,24
DA:58,0
DA:61,1
DA:62,1
DA:63,1
DA:65,1
DA:70,1
DA:74,9
DA:75,9
DA:77,9
DA:80,9
DA:83,9
DA:87,0
DA:91,1
DA:95,1
DA:97,1
DA:99,0
DA:102,1
DA:103,1
DA:104,1
DA:107,1
DA:108,1
DA:109,1
DA:110,11
DA:113,0
DA:118,1
DA:119,1
DA:120,1
DA:121,1
DA:122,1
DA:124,5
DA:125,4
DA:128,4
DA:132,4
DA:135,0
DA:138,1
DA:144,1
DA:145,1
DA:146,1
DA:147,2
DA:148,4
DA:151,1
DA:153,0
DA:156,1
DA:157,1
DA:158,1
DA:159,20
DA:160,40
DA:162,1
DA:165,1
DA:166,1
DA:167,1
DA:168,2
DA:169,4
DA:171,1
DA:174,1
DA:175,1
DA:176,1
DA:177,2
DA:179,2
DA:182,1
DA:185,1
DA:186,1
DA:187,1
DA:189,1
DA:191,1
DA:192,1
DA:193,2
DA:195,1
DA:199,1
DA:200,1
DA:201,1
DA:204,0
LF:107
LH:99
BRDA:61,0,0,1
BRDA:61,0,1,1
BRDA:50,1,0,0
BRDA:50,1,1,1
BRDA:51,2,0,0
BRDA:51,2,1,1
BRDA:53,3,0,1
BRDA:53,3,1,12
BRDA:62,4,0,0
BRDA:62,4,1,1
BRDA:63,5,0,0
BRDA:63,5,1,1
BRDA:77,6,0,5
BRDA:77,6,1,4
BRDA:91,7,0,0
BRDA:91,7,1,1
BRDA:102,8,0,0
BRDA:102,8,1,1
BRDA:103,9,0,0
BRDA:103,9,1,1
BRDA:124,10,0,1
BRDA:124,10,1,4
BRDA:138,11,0,0
BRDA:138,11,1,1
BRDA:144,12,0,0
BRDA:144,12,1,1
BRDA:146,13,0,1
BRDA:146,13,1,0
BRDA:148,14,0,2
BRDA:151,15,0,0
BRDA:151,15,1,1
BRDA:157,16,0,1
BRDA:157,16,1,0
BRDA:158,17,0,0
BRDA:158,17,1,1
BRDA:160,18,0,20
BRDA:162,19,0,0
BRDA:162,19,1,1
BRDA:166,20,0,1
BRDA:166,20,1,0
BRDA:167,21,0,0
BRDA:167,21,1,1
BRDA:169,22,0,2
BRDA:171,23,0,0
BRDA:171,23,1,1
BRDA:175,24,0,1
BRDA:175,24,1,0
BRDA:176,25,0,0
BRDA:176,25,1,1
BRDA:179,26,0,2
BRDA:182,27,0,0
BRDA:182,27,1,1
BRDA:186,28,0,0
BRDA:186,28,1,1
BRDA:187,29,0,0
BRDA:187,29,1,1
BRDA:195,30,0,0
BRDA:195,30,1,1
BRDA:200,31,0,1
BRDA:200,31,1,0
BRF:60
BRH:36
end_of_record
TN:
SF:src/index.ts
FN:20,initAsync
FN:21,(anonymous_15)
FN:24,(anonymous_16)
FNF:3
FNH:3
FNDA:9,initAsync
FNDA:9,(anonymous_15)
FNDA:1,(anonymous_16)
DA:1,1
DA:2,1
DA:5,1
DA:6,0
DA:7,0
DA:20,1
DA:21,9
DA:22,9
DA:23,1
DA:24,1
DA:25,1
DA:30,1
DA:34,8
LF:13
LH:11
BRDA:5,0,0,0
BRDA:5,0,1,1
BRDA:22,1,0,1
BRDA:22,1,1,8
BRF:4
BRH:3
end_of_record
TN:
SF:src/routes.ts
FN:22,(anonymous_0)
FNF:1
FNH:1
FNDA:8,(anonymous_0)
DA:1,1
DA:2,1
DA:3,1
DA:4,1
DA:5,1
DA:6,1
DA:7,1
DA:8,1
DA:9,1
DA:11,1
DA:22,1
DA:23,8
DA:50,1
DA:81,1
DA:99,1
DA:108,1
DA:144,1
LF:17
LH:17
BRF:0
BRH:0
end_of_record
TN:
SF:src/config/config.ts
FNF:0
FNH:0
DA:1,1
DA:2,1
DA:4,1
DA:5,0
DA:8,1
DA:9,1
DA:10,1
DA:12,1
LF:8
LH:7
BRDA:4,0,0,0
BRDA:4,0,1,1
BRDA:4,1,0,1
BRDA:4,1,1,0
BRDA:4,1,2,0
BRF:5
BRH:2
end_of_record
TN:
SF:src/daos/ApprovalDao.ts
FN:6,(anonymous_12)
FN:10,(anonymous_14)
FN:14,(anonymous_17)
FN:18,(anonymous_20)
FNF:4
FNH:3
FNDA:5,(anonymous_12)
FNDA:0,(anonymous_14)
FNDA:2,(anonymous_17)
FNDA:2,(anonymous_20)
DA:1,1
DA:4,1
DA:6,1
DA:8,4
DA:10,1
DA:11,0
DA:14,1
DA:15,2
DA:18,1
DA:19,2
DA:23,1
LF:11
LH:10
BRF:0
BRH:0
end_of_record
TN:
SF:src/daos/NotamDao.ts
FN:6,(anonymous_12)
FN:10,(anonymous_14)
FN:14,(anonymous_17)
FN:18,(anonymous_20)
FN:22,(anonymous_23)
FN:40,(anonymous_26)
FNF:6
FNH:5
FNDA:13,(anonymous_12)
FNDA:1,(anonymous_14)
FNDA:2,(anonymous_17)
FNDA:2,(anonymous_20)
FNDA:0,(anonymous_23)
FNDA:6,(anonymous_26)
DA:1,1
DA:2,1
DA:6,1
DA:8,12
DA:10,1
DA:11,1
DA:14,1
DA:15,2
DA:18,1
DA:19,2
DA:22,1
DA:23,0
DA:24,0
DA:40,1
DA:41,6
DA:42,6
DA:43,6
DA:44,3
DA:46,3
DA:47,3
DA:49,6
DA:50,5
DA:51,5
DA:52,5
DA:56,6
DA:66,1
LF:26
LH:24
BRDA:23,0,0,0
BRDA:43,1,0,3
BRDA:43,1,1,3
BRDA:49,2,0,5
BRDA:49,2,1,1
BRF:5
BRH:4
end_of_record
TN:
SF:src/daos/OperationDaos.ts
FN:7,(anonymous_12)
FN:15,(anonymous_14)
FN:32,(anonymous_17)
FN:49,(anonymous_20)
FN:65,(anonymous_23)
FN:91,(anonymous_26)
FN:130,(anonymous_29)
FN:151,(anonymous_32)
FN:161,(anonymous_35)
FN:165,(anonymous_38)
FN:173,(anonymous_41)
FN:183,(anonymous_44)
FN:188,(anonymous_47)
FN:194,(anonymous_50)
FN:198,(anonymous_53)
FN:202,(anonymous_56)
FN:223,(anonymous_59)
FNF:17
FNH:14
FNDA:58,(anonymous_12)
FNDA:0,(anonymous_14)
FNDA:2,(anonymous_17)
FNDA:2,(anonymous_20)
FNDA:1,(anonymous_23)
FNDA:0,(anonymous_26)
FNDA:4,(anonymous_29)
FNDA:5,(anonymous_32)
FNDA:17,(anonymous_35)
FNDA:2,(anonymous_38)
FNDA:25,(anonymous_41)
FNDA:6,(anonymous_44)
FNDA:2,(anonymous_47)
FNDA:0,(anonymous_50)
FNDA:2,(anonymous_53)
FNDA:2,(anonymous_56)
FNDA:4,(anonymous_59)
DA:1,1
DA:4,1
DA:5,1
DA:7,1
DA:8,57
DA:9,57
DA:15,1
DA:16,0
DA:32,1
DA:33,2
DA:49,1
DA:50,2
DA:65,1
DA:66,1
DA:67,1
DA:69,1
DA:72,0
DA:75,1
DA:91,1
DA:92,0
DA:130,1
DA:131,4
DA:151,1
DA:153,5
DA:154,5
DA:155,0
DA:158,5
DA:161,1
DA:162,17
DA:165,1
DA:166,2
DA:173,1
DA:175,25
DA:178,0
DA:183,1
DA:184,6
DA:188,1
DA:189,2
DA:194,1
DA:195,0
DA:196,0
DA:198,1
DA:199,2
DA:202,1
DA:203,2
DA:204,2
DA:205,0
DA:209,2
DA:223,1
DA:224,4
DA:231,1
LF:51
LH:43
BRDA:69,0,0,0
BRDA:69,0,1,1
BRDA:69,1,0,1
BRDA:69,1,1,1
BRDA:154,2,0,0
BRDA:154,2,1,5
BRDA:154,3,0,5
BRDA:154,3,1,2
BRDA:175,4,0,25
BRDA:184,5,0,6
BRDA:184,5,1,6
BRDA:189,6,0,2
BRDA:189,6,1,2
BRDA:195,7,0,0
BRDA:199,8,0,2
BRDA:199,8,1,2
BRDA:204,9,0,0
BRDA:204,9,1,2
BRDA:204,10,0,2
BRDA:204,10,1,0
BRF:20
BRH:15
end_of_record
TN:
SF:src/daos/PositionDao.ts
FN:5,(anonymous_12)
FN:9,(anonymous_14)
FN:13,(anonymous_17)
FN:17,(anonymous_20)
FN:21,(anonymous_23)
FNF:5
FNH:5
FNDA:13,(anonymous_12)
FNDA:1,(anonymous_14)
FNDA:1,(anonymous_17)
FNDA:7,(anonymous_20)
FNDA:7,(anonymous_23)
DA:1,1
DA:2,1
DA:3,1
DA:5,1
DA:7,12
DA:9,1
DA:10,1
DA:13,1
DA:14,1
DA:17,1
DA:18,7
DA:21,1
DA:22,7
DA:23,7
DA:35,7
DA:43,1
LF:16
LH:16
BRDA:23,0,0,7
BRF:1
BRH:1
end_of_record
TN:
SF:src/daos/RestrictedFlightVolumeDao.ts
FN:5,(anonymous_12)
FN:9,(anonymous_14)
FN:13,(anonymous_17)
FN:19,(anonymous_20)
FN:24,(anonymous_23)
FN:30,(anonymous_26)
FNF:6
FNH:5
FNDA:10,(anonymous_12)
FNDA:1,(anonymous_14)
FNDA:1,(anonymous_17)
FNDA:5,(anonymous_20)
FNDA:0,(anonymous_23)
FNDA:3,(anonymous_26)
DA:1,1
DA:3,1
DA:5,1
DA:7,9
DA:9,1
DA:10,1
DA:13,1
DA:14,1
DA:15,1
DA:19,1
DA:21,5
DA:24,1
DA:25,0
DA:26,0
DA:30,1
DA:31,3
DA:43,3
DA:47,1
LF:18
LH:16
BRDA:14,0,0,1
BRDA:25,1,0,0
BRDA:31,2,0,3
BRF:3
BRH:2
end_of_record
TN:
SF:src/daos/UASVolumeReservationDao.ts
FN:5,(anonymous_12)
FN:9,(anonymous_14)
FN:13,(anonymous_17)
FN:19,(anonymous_20)
FN:24,(anonymous_23)
FN:30,(anonymous_26)
FNF:6
FNH:5
FNDA:10,(anonymous_12)
FNDA:1,(anonymous_14)
FNDA:2,(anonymous_17)
FNDA:2,(anonymous_20)
FNDA:0,(anonymous_23)
FNDA:4,(anonymous_26)
DA:1,1
DA:2,1
DA:5,1
DA:7,9
DA:9,1
DA:10,1
DA:13,1
DA:14,2
DA:15,1
DA:19,1
DA:21,2
DA:24,1
DA:25,0
DA:26,0
DA:30,1
DA:31,4
DA:49,1
LF:17
LH:15
BRDA:14,0,0,2
BRDA:25,1,0,0
BRF:2
BRH:1
end_of_record
TN:
SF:src/daos/UserDaos.ts
FN:4,(anonymous_12)
FN:8,(anonymous_14)
FN:12,(anonymous_17)
FN:17,(anonymous_20)
FN:24,(anonymous_23)
FNF:5
FNH:4
FNDA:49,(anonymous_12)
FNDA:34,(anonymous_14)
FNDA:14,(anonymous_17)
FNDA:4,(anonymous_20)
FNDA:0,(anonymous_23)
DA:1,1
DA:2,1
DA:4,1
DA:6,48
DA:8,1
DA:9,34
DA:12,1
DA:14,14
DA:17,1
DA:19,4
DA:21,2
DA:24,1
DA:25,0
DA:26,0
DA:29,1
LF:15
LH:13
BRDA:19,0,0,4
BRDA:25,1,0,0
BRF:2
BRH:1
end_of_record
TN:
SF:src/daos/UserStatusDao.ts
FN:4,(anonymous_12)
FN:17,(anonymous_14)
FNF:2
FNH:2
FNDA:23,(anonymous_12)
FNDA:2,(anonymous_14)
DA:1,1
DA:2,1
DA:4,1
DA:6,22
DA:17,1
DA:19,2
DA:21,2
DA:29,1
LF:8
LH:8
BRDA:19,0,0,2
BRF:1
BRH:1
end_of_record
TN:
SF:src/daos/UtmMessageDao.ts
FN:4,(anonymous_12)
FN:8,(anonymous_14)
FN:12,(anonymous_17)
FN:16,(anonymous_20)
FN:20,(anonymous_23)
FNF:5
FNH:1
FNDA:1,(anonymous_12)
FNDA:0,(anonymous_14)
FNDA:0,(anonymous_17)
FNDA:0,(anonymous_20)
FNDA:0,(anonymous_23)
DA:1,1
DA:2,1
DA:4,1
DA:6,0
DA:8,1
DA:9,0
DA:12,1
DA:13,0
DA:16,1
DA:17,0
DA:20,1
DA:21,0
DA:22,0
DA:25,1
LF:14
LH:8
BRDA:21,0,0,0
BRF:1
BRH:0
end_of_record
TN:
SF:src/daos/VehicleDao.ts
FN:4,(anonymous_12)
FN:8,(anonymous_14)
FN:12,(anonymous_17)
FN:20,(anonymous_20)
FN:33,(anonymous_23)
FN:50,(anonymous_26)
FN:55,(anonymous_29)
FNF:7
FNH:6
FNDA:34,(anonymous_12)
FNDA:5,(anonymous_14)
FNDA:1,(anonymous_17)
FNDA:3,(anonymous_20)
FNDA:2,(anonymous_23)
FNDA:1,(anonymous_26)
FNDA:0,(anonymous_29)
DA:1,1
DA:2,1
DA:4,1
DA:6,33
DA:8,1
DA:9,5
DA:12,1
DA:13,1
DA:20,1
DA:22,3
DA:30,2
DA:33,1
DA:35,2
DA:47,1
DA:50,1
DA:52,1
DA:55,1
DA:56,0
DA:57,0
DA:60,1
LF:20
LH:18
BRDA:22,0,0,3
BRDA:35,1,0,2
BRDA:56,2,0,0
BRF:3
BRH:2
end_of_record
TN:
SF:src/data/notams_data.ts
FNF:0
FNH:0
DA:4,1
DA:5,1
DA:13,1
DA:14,1
DA:22,1
LF:5
LH:5
BRF:0
BRH:0
end_of_record
TN:
SF:src/data/operations_data.ts
FNF:0
FNH:0
DA:2,1
DA:3,1
DA:4,1
DA:5,1
DA:6,1
DA:7,1
DA:9,1
DA:12,1
DA:13,1
DA:14,1
DA:15,1
DA:16,1
DA:17,1
DA:18,1
DA:19,1
DA:20,1
DA:22,1
DA:23,1
DA:24,1
DA:25,1
DA:27,1
DA:28,1
DA:29,1
DA:30,1
DA:31,1
DA:43,1
DA:44,1
DA:45,1
DA:46,1
DA:47,1
DA:48,1
DA:49,1
DA:50,1
DA:58,1
DA:59,1
DA:60,1
DA:61,1
DA:62,1
DA:63,1
DA:64,1
DA:76,1
DA:77,1
DA:80,1
DA:81,1
DA:82,1
DA:83,1
DA:84,1
DA:85,1
DA:86,1
DA:87,1
DA:89,1
DA:90,1
DA:91,1
DA:92,1
DA:93,1
DA:94,1
DA:95,1
DA:99,1
DA:100,1
DA:101,1
DA:102,1
DA:104,1
DA:105,1
DA:108,1
DA:109,1
DA:110,1
DA:111,1
DA:112,1
DA:114,1
DA:115,1
DA:116,1
DA:117,1
DA:118,1
DA:122,1
DA:123,1
DA:124,1
DA:125,1
DA:126,1
LF:78
LH:78
BRF:0
BRH:0
end_of_record
TN:
SF:src/data/position_data.ts
FNF:0
FNH:0
DA:1,1
DA:5,1
DA:7,1
DA:8,1
DA:12,1
DA:17,1
LF:6
LH:6
BRF:0
BRH:0
end_of_record
TN:
SF:src/data/rfv_data.ts
FNF:0
FNH:0
DA:5,1
DA:6,1
DA:14,1
DA:15,1
DA:23,1
LF:5
LH:5
BRF:0
BRH:0
end_of_record
TN:
SF:src/data/uasVolumeReservation_data.ts
FNF:0
FNH:0
DA:1,1
DA:2,1
DA:5,1
DA:7,1
DA:8,1
DA:10,1
DA:11,1
DA:12,1
DA:13,1
DA:15,1
DA:16,1
DA:17,1
DA:18,1
DA:19,1
DA:20,1
DA:21,1
DA:23,1
DA:25,1
DA:26,1
DA:27,1
DA:28,1
DA:29,1
DA:31,1
DA:32,1
DA:34,1
LF:25
LH:25
BRF:0
BRH:0
end_of_record
TN:
SF:src/data/users_data.ts
FN:120,(anonymous_0)
FN:132,getUserListAsMap
FNF:2
FNH:2
FNDA:12,(anonymous_0)
FNDA:2,getUserListAsMap
DA:1,1
DA:2,1
DA:3,1
DA:32,1
DA:121,12
DA:122,12
DA:123,12
DA:124,12
DA:125,12
DA:126,12
DA:127,12
DA:132,1
DA:133,2
DA:134,2
DA:135,24
DA:136,24
DA:138,2
LF:17
LH:17
BRF:0
BRH:0
end_of_record
TN:
SF:src/data/utmMessage_data.ts
FN:4,(anonymous_0)
FN:5,(anonymous_1)
FN:7,getRandomSeverety
FN:17,(anonymous_3)
FNF:4
FNH:4
FNDA:6,(anonymous_0)
FNDA:6,(anonymous_1)
FNDA:20,getRandomSeverety
FNDA:20,(anonymous_3)
DA:1,1
DA:3,1
DA:4,6
DA:5,6
DA:9,20
DA:10,20
DA:15,1
DA:17,1
DA:18,20
DA:25,20
LF:10
LH:10
BRF:0
BRH:0
end_of_record
TN:
SF:src/data/vehicle_data.ts
FN:6,(anonymous_0)
FN:10,(anonymous_1)
FN:41,(anonymous_2)
FNF:3
FNH:3
FNDA:9,(anonymous_0)
FNDA:9,(anonymous_1)
FNDA:9,(anonymous_2)
DA:3,1
DA:6,1
DA:7,9
DA:10,1
DA:11,9
DA:12,9
DA:13,2
DA:15,7
DA:16,3
DA:18,4
DA:19,2
DA:21,2
DA:22,2
DA:29,1
DA:30,1
DA:41,1
DA:42,9
DA:55,9
LF:18
LH:18
BRDA:7,0,0,4
BRDA:7,0,1,5
BRDA:12,1,0,2
BRDA:12,1,1,7
BRDA:15,2,0,3
BRDA:15,2,1,4
BRDA:18,3,0,2
BRDA:18,3,1,2
BRDA:21,4,0,2
BRDA:21,4,1,0
BRF:10
BRH:9
end_of_record
TN:
SF:src/entities/Approval.ts
FN:6,(anonymous_2)
FNF:1
FNH:1
FNDA:4,(anonymous_2)
DA:1,1
DA:2,1
DA:3,1
DA:6,1
DA:8,1
DA:12,1
DA:16,1
DA:20,1
DA:24,1
DA:27,1
DA:31,1
LF:11
LH:11
BRF:0
BRH:0
end_of_record
TN:
SF:src/entities/ContingencyPlan.ts
FN:8,(anonymous_2)
FN:25,(anonymous_3)
FN:32,(anonymous_4)
FN:41,(anonymous_5)
FNF:4
FNH:4
FNDA:1,(anonymous_2)
FNDA:1,(anonymous_3)
FNDA:1,(anonymous_4)
FNDA:44,(anonymous_5)
DA:1,1
DA:8,1
DA:9,1
DA:10,1
DA:11,1
DA:12,1
DA:13,1
DA:14,1
DA:15,1
DA:16,1
DA:17,1
DA:18,1
DA:19,1
DA:20,1
DA:21,1
DA:22,1
DA:25,1
DA:26,1
DA:27,1
DA:28,1
DA:29,1
DA:32,1
DA:33,1
DA:34,1
DA:35,1
DA:36,1
DA:41,1
DA:43,1
DA:45,1
DA:47,1
DA:49,1
DA:51,1
DA:53,1
DA:55,1
DA:57,1
DA:59,1
DA:61,1
DA:63,1
DA:64,1
LF:39
LH:39
BRDA:8,0,0,1
BRDA:8,0,1,1
BRDA:25,1,0,1
BRDA:25,1,1,1
BRDA:32,2,0,1
BRDA:32,2,1,1
BRF:6
BRH:6
end_of_record
TN:
SF:src/entities/NegotiationAgreement.ts
FN:6,(anonymous_2)
FN:12,(anonymous_3)
FN:41,(anonymous_5)
FN:47,(anonymous_6)
FN:26,(anonymous_7)
FN:30,(anonymous_8)
FNF:6
FNH:4
FNDA:1,(anonymous_2)
FNDA:87,(anonymous_3)
FNDA:0,(anonymous_5)
FNDA:0,(anonymous_6)
FNDA:1,(anonymous_7)
FNDA:1,(anonymous_8)
DA:1,1
DA:4,1
DA:6,1
DA:7,1
DA:8,1
DA:12,1
DA:15,1
DA:17,1
DA:19,1
DA:21,1
DA:23,1
DA:26,1
DA:27,1
DA:30,1
DA:31,1
DA:34,1
DA:36,1
DA:38,1
DA:41,2
DA:42,0
DA:43,0
DA:47,2
DA:48,0
DA:49,0
DA:54,1
LF:25
LH:21
BRDA:6,0,0,1
BRDA:6,0,1,1
BRDA:42,1,0,0
BRDA:42,1,1,0
BRDA:48,2,0,0
BRDA:48,2,1,0
BRF:6
BRH:2
end_of_record
TN:
SF:src/entities/Notams.ts
FN:4,(anonymous_2)
FNF:1
FNH:1
FNDA:9,(anonymous_2)
DA:1,1
DA:4,1
DA:6,1
DA:9,1
DA:12,1
DA:15,1
DA:17,1
DA:19,1
LF:8
LH:8
BRF:0
BRH:0
end_of_record
TN:
SF:src/entities/Operation.ts
FN:42,(anonymous_2)
FN:52,(anonymous_3)
FN:60,(anonymous_4)
FN:113,(anonymous_6)
FN:113,(anonymous_7)
FN:123,(anonymous_8)
FN:130,(anonymous_9)
FN:142,(anonymous_10)
FN:149,(anonymous_11)
FN:157,(anonymous_12)
FNF:10
FNH:10
FNDA:1,(anonymous_2)
FNDA:1,(anonymous_3)
FNDA:73,(anonymous_4)
FNDA:1,(anonymous_6)
FNDA:1,(anonymous_7)
FNDA:1,(anonymous_8)
FNDA:1,(anonymous_9)
FNDA:1,(anonymous_10)
FNDA:1,(anonymous_11)
FNDA:1,(anonymous_12)
DA:1,1
DA:4,1
DA:5,1
DA:6,1
DA:7,1
DA:8,1
DA:9,1
DA:42,1
DA:43,1
DA:44,1
DA:45,1
DA:46,1
DA:47,1
DA:48,1
DA:49,1
DA:50,1
DA:52,1
DA:53,1
DA:54,1
DA:55,1
DA:56,1
DA:60,1
DA:62,1
DA:66,1
DA:68,1
DA:73,1
DA:78,1
DA:81,1
DA:86,1
DA:89,1
DA:92,1
DA:95,1
DA:99,1
DA:102,1
DA:105,1
DA:109,1
DA:113,1
DA:117,1
DA:123,1
DA:127,1
DA:130,1
DA:133,1
DA:136,1
DA:139,1
DA:142,1
DA:146,1
DA:149,1
DA:153,1
DA:157,1
DA:159,1
DA:170,1
LF:51
LH:51
BRDA:42,0,0,1
BRDA:42,0,1,1
BRDA:52,1,0,1
BRDA:52,1,1,1
BRF:4
BRH:4
end_of_record
TN:
SF:src/entities/OperationVolume.ts
FN:9,(anonymous_2)
FN:56,(anonymous_4)
FN:56,(anonymous_5)
FNF:3
FNH:3
FNDA:72,(anonymous_2)
FNDA:1,(anonymous_4)
FNDA:1,(anonymous_5)
DA:2,1
DA:5,1
DA:9,1
DA:11,1
DA:15,1
DA:19,1
DA:23,1
DA:30,1
DA:33,1
DA:37,1
DA:41,1
DA:45,1
DA:50,1
DA:54,1
DA:56,1
DA:59,1
DA:60,1
LF:17
LH:17
BRF:0
BRH:0
end_of_record
TN:
SF:src/entities/Position.ts
FN:5,(anonymous_2)
FN:18,(anonymous_4)
FNF:2
FNH:2
FNDA:5,(anonymous_2)
FNDA:1,(anonymous_4)
DA:1,1
DA:2,1
DA:5,1
DA:10,1
DA:13,1
DA:18,1
DA:22,1
DA:26,1
DA:30,1
DA:41,1
DA:42,1
LF:11
LH:11
BRF:0
BRH:0
end_of_record
TN:
SF:src/entities/PriorityElements.ts
FN:4,(anonymous_2)
FN:12,(anonymous_3)
FNF:2
FNH:2
FNDA:1,(anonymous_2)
FNDA:72,(anonymous_3)
DA:1,1
DA:2,1
DA:4,1
DA:5,1
DA:6,1
DA:7,1
DA:8,1
DA:9,1
DA:12,1
DA:14,1
DA:16,1
DA:17,1
LF:12
LH:12
BRDA:4,0,0,1
BRDA:4,0,1,1
BRF:2
BRH:2
end_of_record
TN:
SF:src/entities/RestrictedFlightVolume.ts
FN:9,(anonymous_2)
FNF:1
FNH:1
FNDA:7,(anonymous_2)
DA:2,1
DA:9,1
DA:11,1
DA:14,1
DA:24,1
DA:26,1
DA:29,1
DA:31,1
LF:8
LH:8
BRF:0
BRH:0
end_of_record
TN:
SF:src/entities/Severety.ts
FN:3,(anonymous_0)
FNF:1
FNH:1
FNDA:1,(anonymous_0)
DA:3,1
DA:4,1
DA:5,1
DA:6,1
DA:7,1
DA:8,1
DA:9,1
LF:7
LH:7
BRDA:3,0,0,1
BRDA:3,0,1,1
BRF:2
BRH:2
end_of_record
TN:
SF:src/entities/UASVolumeReservation.ts
FN:5,(anonymous_2)
FN:10,(anonymous_3)
FN:23,(anonymous_4)
FN:33,(anonymous_5)
FN:43,(anonymous_6)
FN:55,(anonymous_8)
FNF:6
FNH:6
FNDA:1,(anonymous_2)
FNDA:1,(anonymous_3)
FNDA:1,(anonymous_4)
FNDA:1,(anonymous_5)
FNDA:6,(anonymous_6)
FNDA:1,(anonymous_8)
DA:1,1
DA:2,1
DA:5,1
DA:6,1
DA:7,1
DA:10,1
DA:11,1
DA:12,1
DA:13,1
DA:14,1
DA:15,1
DA:16,1
DA:17,1
DA:18,1
DA:19,1
DA:20,1
DA:23,1
DA:24,1
DA:25,1
DA:26,1
DA:27,1
DA:28,1
DA:29,1
DA:30,1
DA:33,1
DA:34,1
DA:35,1
DA:36,1
DA:37,1
DA:38,1
DA:39,1
DA:43,1
DA:45,1
DA:47,1
DA:49,1
DA:51,1
DA:53,1
DA:55,1
DA:57,1
DA:62,1
DA:65,1
DA:68,1
DA:70,1
DA:72,1
DA:75,1
DA:77,1
DA:80,1
DA:81,1
LF:48
LH:48
BRDA:5,0,0,1
BRDA:5,0,1,1
BRDA:10,1,0,1
BRDA:10,1,1,1
BRDA:23,2,0,1
BRDA:23,2,1,1
BRDA:33,3,0,1
BRDA:33,3,1,1
BRF:8
BRH:8
end_of_record
TN:
SF:src/entities/UTMMessage.ts
FN:7,(anonymous_2)
FN:25,(anonymous_3)
FN:34,(anonymous_5)
FNF:3
FNH:3
FNDA:1,(anonymous_2)
FNDA:2,(anonymous_3)
FNDA:1,(anonymous_5)
DA:1,1
DA:2,1
DA:3,1
DA:5,1
DA:7,1
DA:8,1
DA:9,1
DA:10,1
DA:11,1
DA:12,1
DA:13,1
DA:14,1
DA:15,1
DA:16,1
DA:17,1
DA:18,1
DA:19,1
DA:20,1
DA:25,1
DA:27,1
DA:29,1
DA:32,1
DA:34,1
DA:35,1
DA:40,1
DA:43,1
DA:46,1
DA:50,1
DA:52,1
DA:55,1
LF:30
LH:30
BRDA:7,0,0,1
BRDA:7,0,1,1
BRF:2
BRH:2
end_of_record
TN:
SF:src/entities/User.ts
FN:6,(anonymous_2)
FN:11,(anonymous_3)
FN:18,(anonymous_4)
FN:46,(anonymous_6)
FN:54,(anonymous_7)
FNF:5
FNH:5
FNDA:1,(anonymous_2)
FNDA:1,(anonymous_3)
FNDA:569,(anonymous_4)
FNDA:1,(anonymous_6)
FNDA:582,(anonymous_7)
DA:1,1
DA:2,1
DA:6,1
DA:7,1
DA:8,1
DA:11,1
DA:12,1
DA:13,1
DA:18,1
DA:21,1
DA:24,1
DA:27,1
DA:30,1
DA:33,1
DA:36,1
DA:40,1
DA:43,1
DA:46,1
DA:47,1
DA:49,1
DA:54,1
DA:56,1
DA:57,1
LF:23
LH:23
BRDA:6,0,0,1
BRDA:6,0,1,1
BRDA:11,1,0,1
BRDA:11,1,1,1
BRF:4
BRH:4
end_of_record
TN:
SF:src/entities/UserStatus.ts
FN:5,(anonymous_2)
FN:11,(anonymous_3)
FNF:2
FNH:2
FNDA:1,(anonymous_2)
FNDA:47,(anonymous_3)
DA:1,1
DA:5,1
DA:6,1
DA:7,1
DA:11,1
DA:14,1
DA:17,1
DA:20,1
DA:22,1
LF:9
LH:9
BRDA:5,0,0,1
BRDA:5,0,1,1
BRF:2
BRH:2
end_of_record
TN:
SF:src/entities/VehicleReg.ts
FN:5,(anonymous_2)
FN:13,(anonymous_3)
FN:22,(anonymous_5)
FNF:3
FNH:3
FNDA:1,(anonymous_2)
FNDA:79,(anonymous_3)
FNDA:1,(anonymous_5)
DA:1,1
DA:2,1
DA:5,1
DA:6,1
DA:7,1
DA:8,1
DA:9,1
DA:13,1
DA:15,1
DA:19,1
DA:22,1
DA:25,1
DA:28,1
DA:31,1
DA:35,1
DA:38,1
DA:41,1
DA:45,1
DA:49,1
DA:52,1
DA:55,1
DA:56,1
LF:22
LH:22
BRDA:5,0,0,1
BRDA:5,0,1,1
BRF:2
BRH:2
end_of_record
TN:
SF:src/middleware/checkJwt.ts
FN:7,(anonymous_0)
FNF:1
FNH:1
FNDA:86,(anonymous_0)
DA:2,1
DA:3,1
DA:7,1
DA:9,86
DA:10,86
DA:14,86
DA:15,86
DA:16,28
DA:25,58
DA:27,83
DA:31,3
DA:32,3
DA:33,3
DA:38,83
DA:39,83
DA:42,83
DA:45,83
LF:17
LH:17
BRDA:15,0,0,28
BRDA:15,0,1,58
BRDA:15,1,0,86
BRDA:15,1,1,31
BRDA:15,1,2,28
BRDA:15,1,3,28
BRF:6
BRH:6
end_of_record
TN:
SF:src/middleware/socketioAuthMiddleware.ts
FN:5,(anonymous_0)
FNF:1
FNH:0
FNDA:0,(anonymous_0)
DA:1,1
DA:2,1
DA:5,1
DA:6,0
DA:7,0
DA:8,0
DA:10,0
DA:11,0
DA:12,0
DA:17,0
DA:19,0
DA:21,0
DA:23,0
DA:24,0
DA:26,0
LF:15
LH:3
BRDA:11,0,0,0
BRDA:11,0,1,0
BRDA:11,1,0,0
BRDA:11,1,1,0
BRDA:11,1,2,0
BRDA:11,1,3,0
BRF:6
BRH:0
end_of_record
TN:
SF:src/restControllers/AuthController.ts
FN:10,(anonymous_12)
FN:30,(anonymous_14)
FNF:2
FNH:2
FNDA:6,(anonymous_12)
FNDA:5,(anonymous_14)
DA:2,1
DA:4,1
DA:5,1
DA:6,1
DA:7,1
DA:8,1
DA:10,1
DA:12,5
DA:30,1
DA:31,5
DA:32,5
DA:33,5
DA:38,5
DA:40,4
DA:41,4
DA:42,0
DA:43,0
DA:48,1
DA:49,1
DA:52,4
DA:55,4
DA:57,3
DA:58,3
DA:59,3
DA:65,3
DA:66,1
DA:68,2
DA:74,0
DA:78,1
DA:83,1
LF:30
LH:27
BRDA:41,0,0,0
BRDA:41,0,1,4
BRDA:55,1,0,3
BRDA:55,1,1,1
BRDA:65,2,0,1
BRDA:65,2,1,2
BRF:6
BRH:5
end_of_record
TN:
SF:src/restControllers/NotamRestController.ts
FN:4,(anonymous_12)
FN:18,(anonymous_14)
FN:62,(anonymous_17)
FN:85,(anonymous_20)
FNF:4
FNH:4
FNDA:13,(anonymous_12)
FNDA:8,(anonymous_14)
FNDA:2,(anonymous_17)
FNDA:2,(anonymous_20)
DA:2,1
DA:4,1
DA:6,12
DA:18,1
DA:20,8
DA:21,8
DA:23,8
DA:24,8
DA:25,6
DA:27,7
DA:28,8
DA:29,6
DA:31,1
DA:33,7
DA:35,1
DA:36,1
DA:37,1
DA:38,1
DA:62,1
DA:64,2
DA:65,1
DA:68,1
DA:69,1
DA:85,1
DA:87,2
DA:88,2
DA:89,1
DA:90,1
DA:92,1
DA:95,1
DA:96,1
DA:100,1
LF:32
LH:32
BRDA:31,0,0,1
BRDA:31,0,1,7
BRDA:24,1,0,6
BRDA:24,1,1,2
BRDA:28,2,0,1
BRDA:28,2,1,6
BRDA:28,3,0,7
BRDA:28,3,1,4
BRF:8
BRH:8
end_of_record
TN:
SF:src/restControllers/OperationController.ts
FN:25,(anonymous_12)
FN:39,(anonymous_14)
FN:74,(anonymous_17)
FN:155,(anonymous_20)
FN:181,(anonymous_23)
FN:215,(anonymous_26)
FN:229,(anonymous_29)
FN:233,(anonymous_32)
FN:244,(anonymous_35)
FN:259,(anonymous_38)
FN:282,validateOperation
FN:335,roundWithDecimals
FN:339,changeState
FNF:13
FNH:9
FNDA:24,(anonymous_12)
FNDA:4,(anonymous_14)
FNDA:3,(anonymous_17)
FNDA:12,(anonymous_20)
FNDA:2,(anonymous_23)
FNDA:2,(anonymous_26)
FNDA:0,(anonymous_29)
FNDA:0,(anonymous_32)
FNDA:2,(anonymous_35)
FNDA:0,(anonymous_38)
FNDA:12,validateOperation
FNDA:0,roundWithDecimals
FNDA:2,changeState
DA:2,1
DA:3,1
DA:4,1
DA:5,1
DA:6,1
DA:7,1
DA:8,1
DA:9,1
DA:11,1
DA:15,1
DA:16,1
DA:18,1
DA:19,1
DA:22,1
DA:23,1
DA:25,1
DA:27,23
DA:28,23
DA:39,1
DA:40,4
DA:42,5
DA:43,3
DA:45,3
DA:46,3
DA:47,5
DA:48,1
DA:50,2
DA:52,3
DA:55,0
DA:59,1
DA:74,1
DA:77,3
DA:78,5
DA:79,1
DA:81,2
DA:82,1
DA:85,1
DA:155,1
DA:156,12
DA:157,12
DA:159,12
DA:160,0
DA:161,0
DA:162,0
DA:166,11
DA:168,12
DA:169,12
DA:171,23
DA:172,1
DA:173,1
DA:174,1
DA:176,11
DA:177,11
DA:181,1
DA:182,2
DA:183,2
DA:184,2
DA:186,2
DA:188,2
DA:190,2
DA:191,2
DA:193,2
DA:194,2
DA:199,2
DA:200,2
DA:201,2
DA:204,0
DA:208,0
DA:211,0
DA:215,1
DA:216,2
DA:222,2
DA:223,2
DA:224,2
DA:229,1
DA:230,0
DA:233,1
DA:234,0
DA:244,1
DA:245,2
DA:247,2
DA:248,2
DA:259,1
DA:264,0
DA:265,0
DA:266,0
DA:268,0
DA:271,0
DA:273,0
DA:275,0
DA:279,1
DA:283,12
DA:285,12
DA:286,12
DA:287,1
DA:289,11
DA:290,11
DA:292,11
DA:293,11
DA:294,11
DA:295,0
DA:297,11
DA:298,1
DA:300,11
DA:301,1
DA:303,11
DA:304,1
DA:306,11
DA:307,1
DA:309,11
DA:310,11
DA:311,1
DA:313,11
DA:314,11
DA:315,1
DA:317,11
DA:318,11
DA:319,11
DA:320,11
DA:321,1
DA:323,10
DA:324,1
DA:332,12
DA:336,0
DA:340,2
LF:125
LH:107
BRDA:50,0,0,2
BRDA:50,0,1,3
BRDA:50,0,2,1
BRDA:42,1,0,1
BRDA:42,1,1,3
BRDA:47,2,0,2
BRDA:47,2,1,1
BRDA:79,3,0,1
BRDA:79,3,1,2
BRDA:78,4,0,2
BRDA:78,4,1,1
BRDA:159,5,0,1
BRDA:159,5,1,0
BRDA:171,6,0,11
BRDA:171,6,1,1
BRDA:204,7,0,0
BRDA:204,7,1,0
BRDA:190,8,0,0
BRDA:190,8,1,2
BRDA:191,9,0,1
BRDA:191,9,1,1
BRDA:199,10,0,0
BRDA:199,10,1,2
BRDA:199,11,0,2
BRDA:199,11,1,2
BRDA:230,12,0,0
BRDA:234,13,0,0
BRDA:268,14,0,0
BRDA:268,14,1,0
BRDA:265,15,0,0
BRDA:265,15,1,0
BRDA:286,16,0,1
BRDA:286,16,1,11
BRDA:294,17,0,0
BRDA:294,17,1,11
BRDA:297,18,0,1
BRDA:297,18,1,10
BRDA:300,19,0,1
BRDA:300,19,1,10
BRDA:303,20,0,1
BRDA:303,20,1,10
BRDA:306,21,0,1
BRDA:306,21,1,10
BRDA:310,22,0,1
BRDA:310,22,1,10
BRDA:314,23,0,1
BRDA:314,23,1,10
BRDA:320,24,0,1
BRDA:320,24,1,10
BRDA:323,25,0,1
BRDA:323,25,1,9
BRF:51
BRH:39
end_of_record
TN:
SF:src/restControllers/PositionController.ts
FN:11,(anonymous_12)
FN:16,(anonymous_14)
FN:20,(anonymous_17)
FN:37,(anonymous_20)
FN:92,validatePosition
FNF:5
FNH:5
FNDA:11,(anonymous_12)
FNDA:1,(anonymous_14)
FNDA:1,(anonymous_17)
FNDA:8,(anonymous_20)
FNDA:8,validatePosition
DA:2,1
DA:3,1
DA:6,1
DA:8,1
DA:11,1
DA:13,10
DA:16,1
DA:17,1
DA:20,1
DA:21,1
DA:37,1
DA:39,8
DA:40,8
DA:41,8
DA:42,9
DA:44,7
DA:47,7
DA:48,7
DA:49,11
DA:51,3
DA:52,3
DA:54,3
DA:55,3
DA:57,3
DA:59,6
DA:60,3
DA:64,3
DA:72,7
DA:74,7
DA:75,7
DA:77,1
DA:78,1
DA:81,0
DA:82,0
DA:89,1
DA:93,8
DA:94,8
DA:95,8
DA:96,1
DA:99,8
LF:40
LH:38
BRDA:17,0,0,1
BRDA:21,1,0,1
BRDA:42,2,0,1
BRDA:42,2,1,7
BRDA:49,3,0,4
BRDA:49,3,1,3
BRDA:51,4,0,3
BRDA:51,4,1,0
BRDA:57,5,0,0
BRDA:57,5,1,3
BRDA:94,6,0,8
BRDA:94,6,1,0
BRDA:95,7,0,1
BRDA:95,7,1,7
BRDA:95,8,0,8
BRDA:95,8,1,8
BRDA:95,8,2,8
BRF:17
BRH:14
end_of_record
TN:
SF:src/restControllers/RestrictedFlightVolumeController.ts
FN:10,(anonymous_12)
FN:21,(anonymous_14)
FN:39,(anonymous_17)
FN:61,(anonymous_20)
FN:86,createVolumeFromRestrictedFlightVolume
FN:102,getNextOperationState
FNF:6
FNH:6
FNDA:6,(anonymous_12)
FNDA:1,(anonymous_14)
FNDA:1,(anonymous_17)
FNDA:3,(anonymous_20)
FNDA:2,createVolumeFromRestrictedFlightVolume
FNDA:1,getNextOperationState
DA:3,1
DA:5,1
DA:6,1
DA:7,1
DA:10,1
DA:12,5
DA:13,5
DA:21,1
DA:23,1
DA:24,1
DA:26,0
DA:27,0
DA:39,1
DA:41,1
DA:42,1
DA:44,0
DA:61,1
DA:63,3
DA:64,2
DA:65,2
DA:66,2
DA:67,2
DA:68,1
DA:69,1
DA:70,1
DA:71,1
DA:72,1
DA:75,2
DA:78,1
DA:83,1
DA:87,2
DA:89,2
DA:90,2
DA:92,2
DA:93,2
DA:94,2
DA:96,2
DA:97,2
DA:98,2
DA:99,2
DA:103,1
DA:104,1
DA:106,1
DA:107,1
DA:111,0
DA:112,0
DA:114,0
DA:115,0
DA:122,0
DA:124,1
LF:50
LH:42
BRDA:70,0,0,1
BRDA:70,0,1,0
BRDA:105,1,0,1
BRDA:105,1,1,0
BRDA:105,1,2,0
BRDA:105,1,3,0
BRF:6
BRH:2
end_of_record
TN:
SF:src/restControllers/UASVolumeReservationController.ts
FN:10,(anonymous_12)
FN:21,(anonymous_14)
FN:39,(anonymous_17)
FN:71,(anonymous_20)
FN:107,createVolumeFromUvr
FN:117,getNextOperationState
FN:145,validateOperation
FNF:7
FNH:7
FNDA:6,(anonymous_12)
FNDA:1,(anonymous_14)
FNDA:2,(anonymous_17)
FNDA:2,(anonymous_20)
FNDA:2,createVolumeFromUvr
FNDA:2,getNextOperationState
FNDA:2,validateOperation
DA:3,1
DA:5,1
DA:6,1
DA:7,1
DA:8,1
DA:10,1
DA:12,5
DA:13,5
DA:21,1
DA:23,1
DA:24,1
DA:26,0
DA:27,0
DA:39,1
DA:41,2
DA:42,1
DA:44,1
DA:71,1
DA:74,2
DA:75,2
DA:76,2
DA:80,2
DA:81,2
DA:83,2
DA:84,2
DA:86,2
DA:88,2
DA:89,2
DA:90,2
DA:93,2
DA:95,0
DA:96,0
DA:99,0
DA:104,1
DA:108,2
DA:109,2
DA:110,2
DA:111,2
DA:112,2
DA:113,2
DA:114,2
DA:118,2
DA:119,2
DA:121,0
DA:122,0
DA:124,0
DA:126,1
DA:127,1
DA:129,1
DA:130,1
DA:132,0
DA:133,0
DA:137,0
DA:139,2
DA:146,2
DA:148,2
DA:149,2
DA:150,0
DA:152,2
DA:153,2
DA:154,0
DA:156,2
LF:62
LH:49
BRDA:75,0,0,0
BRDA:75,0,1,2
BRDA:88,1,0,2
BRDA:88,1,1,0
BRDA:120,2,0,0
BRDA:120,2,1,0
BRDA:120,2,2,1
BRDA:120,2,3,1
BRDA:120,2,4,0
BRDA:120,2,5,0
BRDA:149,3,0,0
BRDA:149,3,1,2
BRDA:153,4,0,0
BRDA:153,4,1,2
BRF:14
BRH:6
end_of_record
TN:
SF:src/restControllers/UserController.ts
FN:14,(anonymous_12)
FN:26,(anonymous_14)
FN:42,(anonymous_17)
FN:70,(anonymous_20)
FN:110,(anonymous_23)
FN:152,(anonymous_26)
FN:194,validateEmail
FN:209,validateUser
FN:232,generateToken
FN:237,sendMailToConfirm
FNF:10
FNH:10
FNDA:23,(anonymous_12)
FNDA:3,(anonymous_14)
FNDA:3,(anonymous_17)
FNDA:14,(anonymous_20)
FNDA:1,(anonymous_23)
FNDA:1,(anonymous_26)
FNDA:14,validateEmail
FNDA:14,validateUser
FNDA:1,generateToken
FNDA:1,sendMailToConfirm
DA:2,1
DA:3,1
DA:4,1
DA:5,1
DA:6,1
DA:7,1
DA:8,1
DA:9,1
DA:10,1
DA:11,1
DA:14,1
DA:16,22
DA:17,22
DA:26,1
DA:27,3
DA:28,4
DA:29,2
DA:32,1
DA:42,1
DA:43,3
DA:44,4
DA:46,2
DA:48,1
DA:52,1
DA:70,1
DA:71,14
DA:73,15
DA:74,13
DA:76,13
DA:77,23
DA:78,3
DA:79,3
DA:80,1
DA:82,10
DA:83,10
DA:87,1
DA:90,2
DA:91,2
DA:110,1
DA:112,1
DA:114,1
DA:117,1
DA:118,1
DA:119,1
DA:121,1
DA:123,1
DA:124,1
DA:126,1
DA:127,1
DA:128,1
DA:129,1
DA:130,1
DA:132,0
DA:133,0
DA:137,0
DA:138,0
DA:152,1
DA:157,1
DA:158,1
DA:160,1
DA:162,1
DA:164,1
DA:166,1
DA:169,1
DA:173,0
DA:177,0
DA:178,0
DA:179,0
DA:182,0
DA:192,1
DA:195,14
DA:196,8
DA:198,6
DA:212,14
DA:213,14
DA:214,6
DA:216,14
DA:217,7
DA:219,14
DA:220,7
DA:222,14
DA:223,1
DA:225,14
DA:226,1
DA:228,14
DA:233,1
DA:234,1
DA:238,1
DA:239,1
DA:240,1
DA:241,1
DA:243,1
LF:92
LH:83
BRDA:29,0,0,2
BRDA:29,0,1,1
BRDA:28,1,0,1
BRDA:28,1,1,2
BRDA:46,2,0,2
BRDA:46,2,1,1
BRDA:44,3,0,1
BRDA:44,3,1,2
BRDA:44,4,0,3
BRDA:44,4,1,1
BRDA:87,5,0,1
BRDA:73,6,0,1
BRDA:73,6,1,13
BRDA:77,7,0,10
BRDA:77,7,1,3
BRDA:124,8,0,0
BRDA:124,8,1,1
BRDA:162,9,0,0
BRDA:162,9,1,1
BRDA:195,10,0,8
BRDA:195,10,1,6
BRDA:213,11,0,6
BRDA:213,11,1,8
BRDA:216,12,0,7
BRDA:216,12,1,7
BRDA:219,13,0,7
BRDA:219,13,1,7
BRDA:222,14,0,1
BRDA:222,14,1,13
BRDA:225,15,0,1
BRDA:225,15,1,13
BRF:31
BRH:29
end_of_record
TN:
SF:src/restControllers/UtmMessageRestController.ts
FN:4,(anonymous_12)
FN:14,(anonymous_14)
FN:32,(anonymous_17)
FN:56,(anonymous_20)
FNF:4
FNH:1
FNDA:1,(anonymous_12)
FNDA:0,(anonymous_14)
FNDA:0,(anonymous_17)
FNDA:0,(anonymous_20)
DA:2,1
DA:4,1
DA:6,0
DA:14,1
DA:16,0
DA:17,0
DA:20,0
DA:21,0
DA:32,1
DA:34,0
DA:35,0
DA:38,0
DA:39,0
DA:56,1
DA:58,0
DA:59,0
DA:62,0
DA:63,0
DA:67,1
LF:19
LH:6
BRF:0
BRH:0
end_of_record
TN:
SF:src/restControllers/VehicleController.ts
FN:9,(anonymous_12)
FN:19,(anonymous_14)
FN:39,(anonymous_17)
FN:75,(anonymous_20)
FN:96,validateVehicle
FNF:5
FNH:5
FNDA:9,(anonymous_12)
FNDA:3,(anonymous_14)
FNDA:4,(anonymous_17)
FNDA:1,(anonymous_20)
FNDA:1,validateVehicle
DA:2,1
DA:5,1
DA:6,1
DA:7,1
DA:9,1
DA:11,8
DA:19,1
DA:20,3
DA:22,4
DA:23,2
DA:25,1
DA:28,3
DA:39,1
DA:41,4
DA:42,6
DA:43,2
DA:44,1
DA:46,2
DA:47,1
DA:51,2
DA:75,1
DA:76,1
DA:78,1
DA:80,1
DA:81,1
DA:82,1
DA:83,1
DA:85,1
DA:86,1
DA:88,0
DA:89,0
DA:93,1
DA:97,1
DA:98,1
DA:99,0
DA:101,1
LF:36
LH:33
BRDA:25,0,0,1
BRDA:25,0,1,3
BRDA:22,1,0,1
BRDA:22,1,1,2
BRDA:46,2,0,2
BRDA:42,3,0,2
BRDA:42,3,1,2
BRDA:83,4,0,0
BRDA:83,4,1,1
BRDA:98,5,0,0
BRDA:98,5,1,1
BRF:11
BRH:9
end_of_record
TN:
SF:src/services/asyncBrowserComunication.ts
FN:6,send
FN:16,sendPositionToMonitor
FN:21,sendOperationFlyStatus
FN:26,sendOpertationStateChange
FN:31,sendNewOperation
FN:36,sendAlgo
FN:42,sendUserLogged
FNF:7
FNH:5
FNDA:29,send
FNDA:7,sendPositionToMonitor
FNDA:7,sendOperationFlyStatus
FNDA:14,sendOpertationStateChange
FNDA:1,sendNewOperation
FNDA:0,sendAlgo
FNDA:0,sendUserLogged
DA:1,1
DA:7,29
DA:8,0
DA:10,29
DA:16,1
DA:18,7
DA:21,1
DA:23,7
DA:26,1
DA:28,14
DA:31,1
DA:32,1
DA:36,1
DA:38,0
DA:42,1
DA:44,0
LF:16
LH:13
BRDA:7,0,0,0
BRDA:7,0,1,29
BRF:2
BRH:1
end_of_record
TN:
SF:src/services/cronServices.ts
FN:7,(anonymous_0)
FN:11,CronService
FN:15,(anonymous_2)
FNF:3
FNH:1
FNDA:1,(anonymous_0)
FNDA:0,CronService
FNDA:0,(anonymous_2)
DA:2,1
DA:4,1
DA:5,1
DA:7,1
DA:8,0
DA:12,0
DA:13,0
DA:15,0
DA:16,0
DA:18,0
DA:19,0
DA:22,1
LF:12
LH:5
BRF:0
BRH:0
end_of_record
TN:
SF:src/services/dateTimeService.ts
FN:7,fakeTime
FN:16,(anonymous_1)
FN:20,(anonymous_2)
FNF:3
FNH:2
FNDA:3,fakeTime
FNDA:0,(anonymous_1)
FNDA:9,(anonymous_2)
DA:1,1
DA:7,1
DA:8,3
DA:9,3
DA:15,1
DA:16,0
DA:17,0
DA:20,1
DA:21,9
LF:9
LH:7
BRDA:15,0,0,0
BRDA:15,0,1,1
BRF:2
BRH:1
end_of_record
TN:
SF:src/services/encrypter.ts
FN:4,hashPassword
FN:8,checkIfUnencryptedPasswordIsValid
FNF:2
FNH:2
FNDA:16,hashPassword
FNDA:4,checkIfUnencryptedPasswordIsValid
DA:1,1
DA:4,1
DA:5,16
DA:8,1
DA:10,4
LF:5
LH:5
BRF:0
BRH:0
end_of_record
TN:
SF:src/services/mailService.ts
FN:18,verifyServer
FN:19,(anonymous_13)
FN:29,sendTestMail
FN:44,sendMail
FNF:4
FNH:4
FNDA:1,verifyServer
FNDA:1,(anonymous_13)
FNDA:1,sendTestMail
FNDA:1,sendMail
DA:2,1
DA:3,1
DA:5,1
DA:6,1
DA:8,1
DA:18,1
DA:19,1
DA:20,1
DA:21,1
DA:25,1
DA:29,1
DA:31,1
DA:40,0
DA:44,1
DA:45,1
DA:54,0
LF:16
LH:14
BRDA:20,0,0,1
BRDA:20,0,1,0
BRDA:31,1,0,1
BRDA:45,2,0,1
BRF:4
BRH:3
end_of_record
TN:
SF:src/services/operationCronJobs.ts
FN:13,processOperations
FN:59,processProposed
FN:90,checkIntersection
FN:111,intersectsWithRestrictedFlightVolume
FN:121,processNotAccepted
FN:128,processAccepted
FN:148,processActivated
FN:163,processNonconforming
FN:171,processRouge
FN:184,changeState
FNF:10
FNH:9
FNDA:4,processOperations
FNDA:4,processProposed
FNDA:4,checkIntersection
FNDA:3,intersectsWithRestrictedFlightVolume
FNDA:3,processNotAccepted
FNDA:1,processAccepted
FNDA:3,processActivated
FNDA:0,processNonconforming
FNDA:1,processRouge
FNDA:9,changeState
DA:1,1
DA:2,1
DA:3,1
DA:5,1
DA:6,1
DA:7,1
DA:13,1
DA:14,4
DA:15,4
DA:16,4
DA:19,4
DA:20,4
DA:21,12
DA:25,12
DA:27,4
DA:28,4
DA:30,3
DA:31,3
DA:33,1
DA:34,1
DA:36,3
DA:37,3
DA:39,0
DA:40,0
DA:42,1
DA:43,1
DA:45,0
DA:60,6
DA:61,4
DA:62,4
DA:64,7
DA:65,1
DA:66,3
DA:67,1
DA:72,2
DA:73,2
DA:74,2
DA:75,2
DA:76,2
DA:77,2
DA:79,2
DA:80,2
DA:83,2
DA:84,2
DA:86,0
DA:93,4
DA:95,4
DA:102,4
DA:106,0
DA:107,0
DA:112,3
DA:114,3
DA:129,1
DA:130,1
DA:131,1
DA:132,1
DA:133,1
DA:135,1
DA:136,1
DA:138,1
DA:139,0
DA:149,3
DA:150,3
DA:151,3
DA:152,3
DA:153,3
DA:154,3
DA:155,3
DA:172,1
DA:174,1
DA:175,1
DA:176,1
DA:177,1
DA:178,1
DA:179,1
DA:186,9
DA:188,9
DA:189,9
DA:193,9
DA:194,9
LF:80
LH:73
BRDA:26,0,0,4
BRDA:26,0,1,3
BRDA:26,0,2,1
BRDA:26,0,3,3
BRDA:26,0,4,0
BRDA:26,0,5,1
BRDA:26,0,6,0
BRDA:66,1,0,3
BRDA:60,2,0,2
BRDA:60,2,1,4
BRDA:64,3,0,3
BRDA:64,3,1,1
BRDA:66,4,0,1
BRDA:66,4,1,2
BRDA:79,5,0,2
BRDA:79,5,1,0
BRDA:79,6,0,2
BRDA:79,6,1,2
BRDA:83,7,0,2
BRDA:83,7,1,0
BRDA:102,8,0,4
BRDA:102,8,1,3
BRDA:112,9,0,3
BRDA:135,10,0,1
BRDA:135,10,1,0
BRDA:135,11,0,1
BRDA:135,11,1,1
BRDA:138,12,0,0
BRDA:138,12,1,1
BRDA:154,13,0,3
BRDA:154,13,1,0
BRDA:178,14,0,1
BRDA:178,14,1,0
BRF:33
BRH:25
end_of_record
TN:
SF:src/services/tokenService.ts
FN:5,getToken
FNF:1
FNH:1
FNDA:56,getToken
DA:1,1
DA:2,1
DA:5,1
DA:6,56
DA:9,56
LF:5
LH:5
BRF:0
BRH:0
end_of_record
TN:
SF:src/subscriber/UtmMessageSubscriber.ts
FN:8,(anonymous_1)
FN:14,(anonymous_3)
FN:21,(anonymous_4)
FN:28,(anonymous_5)
FNF:4
FNH:4
FNDA:2,(anonymous_1)
FNDA:5624,(anonymous_3)
FNDA:20,(anonymous_4)
FNDA:20,(anonymous_5)
DA:1,1
DA:2,1
DA:8,1
DA:14,1
DA:15,5624
DA:21,1
DA:28,1
DA:34,1
LF:8
LH:8
BRF:0
BRH:0
end_of_record
TN:
SF:src/utils/authUtils.ts
FN:6,getUserFields
FN:14,getPayloadFromResponse
FNF:2
FNH:2
FNDA:3,getUserFields
FNDA:37,getPayloadFromResponse
DA:6,1
DA:7,3
DA:14,1
DA:15,37
LF:4
LH:4
BRF:0
BRH:0
end_of_record
TN:
SF:src/utils/entitiesUtils.ts
FN:1,(anonymous_2)
FN:10,(anonymous_3)
FN:11,(anonymous_4)
FN:15,(anonymous_5)
FNF:4
FNH:4
FNDA:2696,(anonymous_2)
FNDA:1255,(anonymous_3)
FNDA:1255,(anonymous_4)
FNDA:1410,(anonymous_5)
DA:1,1
DA:2,2696
DA:3,0
DA:5,2696
DA:6,0
DA:8,2696
DA:9,593
DA:10,1255
DA:11,1255
DA:13,2103
DA:14,242
DA:15,242
DA:16,1410
DA:18,242
DA:20,1861
LF:15
LH:13
BRDA:2,0,0,0
BRDA:2,0,1,2696
BRDA:5,1,0,0
BRDA:5,1,1,2696
BRDA:8,2,0,593
BRDA:8,2,1,2103
BRDA:13,3,0,242
BRDA:13,3,1,1861
BRDA:13,4,0,2103
BRDA:13,4,1,242
BRF:10
BRH:8
end_of_record
TN:
SF:src/utils/mailContentUtil.ts
FN:3,buildConfirmationLink
FN:8,buildConfirmationTextMail
FN:18,buildConfirmationHtmlMail
FNF:3
FNH:3
FNDA:1,buildConfirmationLink
FNDA:1,buildConfirmationTextMail
FNDA:1,buildConfirmationHtmlMail
DA:3,1
DA:4,1
DA:8,1
DA:9,1
DA:18,1
DA:19,1
LF:6
LH:6
BRF:0
BRH:0
end_of_record
TN:
SF:src/utils/validationUtils.ts
FN:8,genericTextLenghtValidation
FN:15,notUndefined
FN:20,validateStringDateIso
FNF:3
FNH:3
FNDA:57,genericTextLenghtValidation
FNDA:57,notUndefined
FNDA:26,validateStringDateIso
DA:8,1
DA:9,57
DA:15,1
DA:16,57
DA:20,1
DA:21,26
DA:22,26
DA:23,26
DA:26,1
LF:9
LH:9
BRDA:9,0,0,57
BRDA:9,0,1,55
BRDA:9,0,2,42
BRDA:16,1,0,57
BRDA:16,1,1,55
BRF:5
BRH:5
end_of_record
